# JRE version: OpenJDK Runtime Environment (8.0_76-b03) (build 1.8.0_76-release-b03)
# Java VM: OpenJDK 64-Bit Server VM (25.76-b03 mixed mode linux-amd64 compressed oops)
Heap:
 PSYoungGen      total 419840K, used 996K [0x00000000e0000000, 0x0000000100000000, 0x0000000100000000)
  eden space 378880K, 0% used [0x00000000e0000000,0x00000000e0000000,0x00000000f7200000)
  from space 40960K, 2% used [0x00000000fa480000,0x00000000fa579150,0x00000000fcc80000)
  to   space 51712K, 0% used [0x00000000f7200000,0x00000000f7200000,0x00000000fa480000)
 ParOldGen       total 108544K, used 108263K [0x00000000a0000000, 0x00000000a6a00000, 0x00000000e0000000)
  object space 108544K, 99% used [0x00000000a0000000,0x00000000a69b9e48,0x00000000a6a00000)
 Metaspace       used 93067K, capacity 99470K, committed 108800K, reserved 1142784K
  class space    used 11903K, capacity 12870K, committed 14848K, reserved 1048576K
GC Heap History (10 events):
Event: 1596.688 GC heap after
Heap after GC invocations=34 (full 8):
 PSYoungGen      total 478208K, used 5792K [0x00000000e0000000, 0x0000000100000000, 0x0000000100000000)
  eden space 439296K, 0% used [0x00000000e0000000,0x00000000e0000000,0x00000000fad00000)
  from space 38912K, 14% used [0x00000000fd300000,0x00000000fd8a8010,0x00000000ff900000)
  to   space 38912K, 0% used [0x00000000fad00000,0x00000000fad00000,0x00000000fd300000)
 ParOldGen       total 107520K, used 95166K [0x00000000a0000000, 0x00000000a6900000, 0x00000000e0000000)
  object space 107520K, 88% used [0x00000000a0000000,0x00000000a5cef980,0x00000000a6900000)
 Metaspace       used 87620K, capacity 95588K, committed 97024K, reserved 1132544K
  class space    used 11725K, capacity 13250K, committed 13568K, reserved 1048576K
}
Event: 2805.812 GC heap before
{Heap before GC invocations=35 (full 8):
 PSYoungGen      total 478208K, used 445088K [0x00000000e0000000, 0x0000000100000000, 0x0000000100000000)
  eden space 439296K, 100% used [0x00000000e0000000,0x00000000fad00000,0x00000000fad00000)
  from space 38912K, 14% used [0x00000000fd300000,0x00000000fd8a8010,0x00000000ff900000)
  to   space 38912K, 0% used [0x00000000fad00000,0x00000000fad00000,0x00000000fd300000)
 ParOldGen       total 107520K, used 95166K [0x00000000a0000000, 0x00000000a6900000, 0x00000000e0000000)
  object space 107520K, 88% used [0x00000000a0000000,0x00000000a5cef980,0x00000000a6900000)
 Metaspace       used 93929K, capacity 102276K, committed 102784K, reserved 1138688K
  class space    used 12507K, capacity 14102K, committed 14208K, reserved 1048576K
Event: 2805.931 GC heap after
Heap after GC invocations=35 (full 8):
 PSYoungGen      total 451584K, used 31729K [0x00000000e0000000, 0x00000000fed00000, 0x0000000100000000)
  eden space 419840K, 0% used [0x00000000e0000000,0x00000000e0000000,0x00000000f9a00000)
  from space 31744K, 99% used [0x00000000fad00000,0x00000000fcbfc6e8,0x00000000fcc00000)
  to   space 33792K, 0% used [0x00000000fcc00000,0x00000000fcc00000,0x00000000fed00000)
 ParOldGen       total 107520K, used 95174K [0x00000000a0000000, 0x00000000a6900000, 0x00000000e0000000)
  object space 107520K, 88% used [0x00000000a0000000,0x00000000a5cf1980,0x00000000a6900000)
 Metaspace       used 93929K, capacity 102276K, committed 102784K, reserved 1138688K
  class space    used 12507K, capacity 14102K, committed 14208K, reserved 1048576K
}
Event: 2813.398 GC heap before
{Heap before GC invocations=36 (full 8):
 PSYoungGen      total 451584K, used 451054K [0x00000000e0000000, 0x00000000fed00000, 0x0000000100000000)
  eden space 419840K, 99% used [0x00000000e0000000,0x00000000f997f1e8,0x00000000f9a00000)
  from space 31744K, 99% used [0x00000000fad00000,0x00000000fcbfc6e8,0x00000000fcc00000)
  to   space 33792K, 0% used [0x00000000fcc00000,0x00000000fcc00000,0x00000000fed00000)
 ParOldGen       total 107520K, used 95174K [0x00000000a0000000, 0x00000000a6900000, 0x00000000e0000000)
  object space 107520K, 88% used [0x00000000a0000000,0x00000000a5cf1980,0x00000000a6900000)
 Metaspace       used 95249K, capacity 103714K, committed 104192K, reserved 1138688K
  class space    used 12642K, capacity 14239K, committed 14336K, reserved 1048576K
Event: 2813.516 GC heap after
Heap after GC invocations=36 (full 8):
 PSYoungGen      total 428032K, used 26143K [0x00000000e0000000, 0x00000000fe600000, 0x0000000100000000)
  eden space 401408K, 0% used [0x00000000e0000000,0x00000000e0000000,0x00000000f8800000)
  from space 26624K, 98% used [0x00000000fcc00000,0x00000000fe587c10,0x00000000fe600000)
  to   space 43008K, 0% used [0x00000000f9200000,0x00000000f9200000,0x00000000fbc00000)
 ParOldGen       total 107520K, used 95182K [0x00000000a0000000, 0x00000000a6900000, 0x00000000e0000000)
  object space 107520K, 88% used [0x00000000a0000000,0x00000000a5cf3980,0x00000000a6900000)
 Metaspace       used 95249K, capacity 103714K, committed 104192K, reserved 1138688K
  class space    used 12642K, capacity 14239K, committed 14336K, reserved 1048576K
}
Event: 2822.531 GC heap before
{Heap before GC invocations=37 (full 8):
 PSYoungGen      total 428032K, used 427551K [0x00000000e0000000, 0x00000000fe600000, 0x0000000100000000)
  eden space 401408K, 100% used [0x00000000e0000000,0x00000000f8800000,0x00000000f8800000)
  from space 26624K, 98% used [0x00000000fcc00000,0x00000000fe587c10,0x00000000fe600000)
  to   space 43008K, 0% used [0x00000000f9200000,0x00000000f9200000,0x00000000fbc00000)
 ParOldGen       total 107520K, used 95182K [0x00000000a0000000, 0x00000000a6900000, 0x00000000e0000000)
  object space 107520K, 88% used [0x00000000a0000000,0x00000000a5cf3980,0x00000000a6900000)
 Metaspace       used 95462K, capacity 103982K, committed 104448K, reserved 1138688K
  class space    used 12668K, capacity 14279K, committed 14336K, reserved 1048576K
Event: 2822.630 GC heap after
Heap after GC invocations=37 (full 8):
 PSYoungGen      total 401408K, used 17406K [0x00000000e0000000, 0x00000000fcc80000, 0x0000000100000000)
  eden space 384000K, 0% used [0x00000000e0000000,0x00000000e0000000,0x00000000f7700000)
  from space 17408K, 99% used [0x00000000f9200000,0x00000000fa2ff928,0x00000000fa300000)
  to   space 40960K, 0% used [0x00000000fa480000,0x00000000fa480000,0x00000000fcc80000)
 ParOldGen       total 107520K, used 95182K [0x00000000a0000000, 0x00000000a6900000, 0x00000000e0000000)
  object space 107520K, 88% used [0x00000000a0000000,0x00000000a5cf3980,0x00000000a6900000)
 Metaspace       used 95462K, capacity 103982K, committed 104448K, reserved 1138688K
  class space    used 12668K, capacity 14279K, committed 14336K, reserved 1048576K
}
Event: 2830.407 GC heap before
{Heap before GC invocations=38 (full 8):
 PSYoungGen      total 401408K, used 401406K [0x00000000e0000000, 0x00000000fcc80000, 0x0000000100000000)
  eden space 384000K, 100% used [0x00000000e0000000,0x00000000f7700000,0x00000000f7700000)
  from space 17408K, 99% used [0x00000000f9200000,0x00000000fa2ff928,0x00000000fa300000)
  to   space 40960K, 0% used [0x00000000fa480000,0x00000000fa480000,0x00000000fcc80000)
 ParOldGen       total 107520K, used 95182K [0x00000000a0000000, 0x00000000a6900000, 0x00000000e0000000)
  object space 107520K, 88% used [0x00000000a0000000,0x00000000a5cf3980,0x00000000a6900000)
 Metaspace       used 99825K, capacity 108414K, committed 108800K, reserved 1142784K
  class space    used 13129K, capacity 14749K, committed 14848K, reserved 1048576K
Event: 2830.657 GC heap after
Heap after GC invocations=38 (full 8):
 PSYoungGen      total 419840K, used 40947K [0x00000000e0000000, 0x0000000100000000, 0x0000000100000000)
  eden space 378880K, 0% used [0x00000000e0000000,0x00000000e0000000,0x00000000f7200000)
  from space 40960K, 99% used [0x00000000fa480000,0x00000000fcc7cf78,0x00000000fcc80000)
  to   space 51712K, 0% used [0x00000000f7200000,0x00000000f7200000,0x00000000fa480000)
 ParOldGen       total 108544K, used 108537K [0x00000000a0000000, 0x00000000a6a00000, 0x00000000e0000000)
  object space 108544K, 99% used [0x00000000a0000000,0x00000000a69fe608,0x00000000a6a00000)
 Metaspace       used 99825K, capacity 108414K, committed 108800K, reserved 1142784K
  class space    used 13129K, capacity 14749K, committed 14848K, reserved 1048576K
}
Event: 2830.663 GC heap before
{Heap before GC invocations=39 (full 9):
 PSYoungGen      total 419840K, used 40947K [0x00000000e0000000, 0x0000000100000000, 0x0000000100000000)
  eden space 378880K, 0% used [0x00000000e0000000,0x00000000e0000000,0x00000000f7200000)
  from space 40960K, 99% used [0x00000000fa480000,0x00000000fcc7cf78,0x00000000fcc80000)
  to   space 51712K, 0% used [0x00000000f7200000,0x00000000f7200000,0x00000000fa480000)
 ParOldGen       total 108544K, used 108537K [0x00000000a0000000, 0x00000000a6a00000, 0x00000000e0000000)
  object space 108544K, 99% used [0x00000000a0000000,0x00000000a69fe608,0x00000000a6a00000)
 Metaspace       used 99825K, capacity 108414K, committed 108800K, reserved 1142784K
  class space    used 13129K, capacity 14749K, committed 14848K, reserved 1048576K

